Running: /opt/Xilinx/14.7/ISE_DS/ISE/bin/lin64/unwrapped/fuse -intstyle ise -incremental -o /home/ise/13000221080/FULL_SUBTRACTOR/full_subtractor_test_isim_beh.exe -prj /home/ise/13000221080/FULL_SUBTRACTOR/full_subtractor_test_beh.prj work.full_subtractor_test 
ISim P.20131013 (signature 0xfbc00daa)
Number of CPUs detected in this system: 6
Turning on mult-threading, number of parallel sub-compilation jobs: 12 
Determining compilation order of HDL files
Parsing VHDL file "/home/ise/13000221080/FULL_SUBTRACTOR/../../PCC-CS492/XOR/xor_rtl.vhd" into library work
Parsing VHDL file "/home/ise/13000221080/FULL_SUBTRACTOR/full_subtractor_rtl.vhd" into library work
Parsing VHDL file "/home/ise/13000221080/FULL_SUBTRACTOR/full_subtractor_test.vhd" into library work
Starting static elaboration
Completed static elaboration
Fuse Memory Usage: 95304 KB
Fuse CPU Usage: 8310 ms
Compiling package standard
Compiling package std_logic_1164
Compiling architecture behavioral of entity xor_rtl [xor_rtl_default]
Compiling architecture behavioral of entity full_subtractor_rtl [full_subtractor_rtl_default]
Compiling architecture behavior of entity full_subtractor_test
Time Resolution for simulation is 1ps.
Waiting for 1 sub-compilation(s) to finish...
Compiled 7 VHDL Units
Built simulation executable /home/ise/13000221080/FULL_SUBTRACTOR/full_subtractor_test_isim_beh.exe
Fuse Memory Usage: 921148 KB
Fuse CPU Usage: 8650 ms
GCC CPU Usage: 5460 ms
