Running: /opt/Xilinx/14.7/ISE_DS/ISE/bin/lin64/unwrapped/fuse -intstyle ise -incremental -o /home/ise/13000221080/AND/and_test_isim_beh.exe -prj /home/ise/13000221080/AND/and_test_beh.prj work.and_test 
ISim P.20131013 (signature 0xfbc00daa)
Number of CPUs detected in this system: 6
Turning on mult-threading, number of parallel sub-compilation jobs: 12 
Determining compilation order of HDL files
Parsing VHDL file "/home/ise/13000221080/AND/and_rtl.vhd" into library work
Parsing VHDL file "/home/ise/13000221080/AND/and_test.vhd" into library work
Starting static elaboration
Completed static elaboration
Fuse Memory Usage: 95320 KB
Fuse CPU Usage: 8520 ms
Compiling package standard
Compiling package std_logic_1164
Compiling architecture behavioral of entity and_rtl [and_rtl_default]
Compiling architecture behavior of entity and_test
Time Resolution for simulation is 1ps.
Waiting for 1 sub-compilation(s) to finish...
Compiled 5 VHDL Units
Built simulation executable /home/ise/13000221080/AND/and_test_isim_beh.exe
Fuse Memory Usage: 921148 KB
Fuse CPU Usage: 8910 ms
GCC CPU Usage: 6520 ms
