Running: /opt/Xilinx/14.7/ISE_DS/ISE/bin/lin64/unwrapped/fuse -intstyle ise -incremental -lib secureip -o /home/ise/PCC-CS492/DECODER/DECODER_test_isim_beh.exe -prj /home/ise/PCC-CS492/DECODER/DECODER_test_beh.prj work.DECODER_test 
ISim P.20131013 (signature 0xfbc00daa)
Number of CPUs detected in this system: 6
Turning on mult-threading, number of parallel sub-compilation jobs: 12 
Determining compilation order of HDL files
Parsing VHDL file "/home/ise/PCC-CS492/DECODER/DECODER_rtl.vhd" into library work
Parsing VHDL file "/home/ise/PCC-CS492/DECODER/DECODER_test.vhd" into library work
Starting static elaboration
Completed static elaboration
Fuse Memory Usage: 95304 KB
Fuse CPU Usage: 9860 ms
Compiling package standard
Compiling package std_logic_1164
Compiling architecture behavioral of entity DECODER_rtl [decoder_rtl_default]
Compiling architecture behavior of entity decoder_test
Time Resolution for simulation is 1ps.
Waiting for 1 sub-compilation(s) to finish...
Compiled 5 VHDL Units
Built simulation executable /home/ise/PCC-CS492/DECODER/DECODER_test_isim_beh.exe
Fuse Memory Usage: 921148 KB
Fuse CPU Usage: 10250 ms
GCC CPU Usage: 1850 ms
