Release 14.7 - xst P.20131013 (lin64)
Copyright (c) 1995-2013 Xilinx, Inc.  All rights reserved.
--> 
Parameter TMPDIR set to xst/projnav.tmp


Total REAL time to Xst completion: 1.00 secs
Total CPU time to Xst completion: 0.69 secs
 
--> 
Parameter xsthdpdir set to xst


Total REAL time to Xst completion: 1.00 secs
Total CPU time to Xst completion: 0.69 secs
 
--> 
Reading design: piso_rtl.prj

TABLE OF CONTENTS
  1) Synthesis Options Summary
  2) HDL Compilation
  3) Design Hierarchy Analysis
  4) HDL Analysis
  5) HDL Synthesis
     5.1) HDL Synthesis Report
  6) Advanced HDL Synthesis
     6.1) Advanced HDL Synthesis Report
  7) Low Level Synthesis
  8) Partition Report
  9) Final Report
	9.1) Device utilization summary
	9.2) Partition Resource Summary
	9.3) TIMING REPORT


=========================================================================
*                      Synthesis Options Summary                        *
=========================================================================
---- Source Parameters
Input File Name                    : "piso_rtl.prj"
Input Format                       : mixed
Ignore Synthesis Constraint File   : NO

---- Target Parameters
Output File Name                   : "piso_rtl"
Output Format                      : NGC
Target Device                      : xc3s50-5-pq208

---- Source Options
Top Module Name                    : piso_rtl
Automatic FSM Extraction           : YES
FSM Encoding Algorithm             : Auto
Safe Implementation                : No
FSM Style                          : LUT
RAM Extraction                     : Yes
RAM Style                          : Auto
ROM Extraction                     : Yes
Mux Style                          : Auto
Decoder Extraction                 : YES
Priority Encoder Extraction        : Yes
Shift Register Extraction          : YES
Logical Shifter Extraction         : YES
XOR Collapsing                     : YES
ROM Style                          : Auto
Mux Extraction                     : Yes
Resource Sharing                   : YES
Asynchronous To Synchronous        : NO
Multiplier Style                   : Auto
Automatic Register Balancing       : No

---- Target Options
Add IO Buffers                     : YES
Global Maximum Fanout              : 100000
Add Generic Clock Buffer(BUFG)     : 8
Register Duplication               : YES
Slice Packing                      : YES
Optimize Instantiated Primitives   : NO
Use Clock Enable                   : Yes
Use Synchronous Set                : Yes
Use Synchronous Reset              : Yes
Pack IO Registers into IOBs        : Auto
Equivalent register Removal        : YES

---- General Options
Optimization Goal                  : Speed
Optimization Effort                : 1
Keep Hierarchy                     : No
Netlist Hierarchy                  : As_Optimized
RTL Output                         : Yes
Global Optimization                : AllClockNets
Read Cores                         : YES
Write Timing Constraints           : NO
Cross Clock Analysis               : NO
Hierarchy Separator                : /
Bus Delimiter                      : <>
Case Specifier                     : Maintain
Slice Utilization Ratio            : 100
BRAM Utilization Ratio             : 100
Verilog 2001                       : YES
Auto BRAM Packing                  : NO
Slice Utilization Ratio Delta      : 5

=========================================================================


=========================================================================
*                          HDL Compilation                              *
=========================================================================
Compiling vhdl file "/home/ise/PCC-CS492/D/d_rtl.vhd" in Library work.
Architecture behavioral of Entity d_rtl is up to date.
Compiling vhdl file "/home/ise/PCC-CS492/PISO/piso_rtl.vhd" in Library work.
Architecture behavioral of Entity piso_rtl is up to date.

=========================================================================
*                     Design Hierarchy Analysis                         *
=========================================================================
Analyzing hierarchy for entity <piso_rtl> in library <work> (architecture <behavioral>).

Analyzing hierarchy for entity <d_rtl> in library <work> (architecture <behavioral>).


=========================================================================
*                            HDL Analysis                               *
=========================================================================
Analyzing Entity <piso_rtl> in library <work> (Architecture <behavioral>).
WARNING:Xst:753 - "/home/ise/PCC-CS492/PISO/piso_rtl.vhd" line 54: Unconnected output port 'NQ' of component 'd_rtl'.
WARNING:Xst:753 - "/home/ise/PCC-CS492/PISO/piso_rtl.vhd" line 57: Unconnected output port 'NQ' of component 'd_rtl'.
WARNING:Xst:753 - "/home/ise/PCC-CS492/PISO/piso_rtl.vhd" line 60: Unconnected output port 'NQ' of component 'd_rtl'.
WARNING:Xst:753 - "/home/ise/PCC-CS492/PISO/piso_rtl.vhd" line 63: Unconnected output port 'NQ' of component 'd_rtl'.
Entity <piso_rtl> analyzed. Unit <piso_rtl> generated.

Analyzing Entity <d_rtl> in library <work> (Architecture <behavioral>).
Entity <d_rtl> analyzed. Unit <d_rtl> generated.


=========================================================================
*                           HDL Synthesis                               *
=========================================================================

Performing bidirectional port resolution...

Synthesizing Unit <d_rtl>.
    Related source file is "/home/ise/PCC-CS492/D/d_rtl.vhd".
    Found 1-bit register for signal <temp>.
    Summary:
	inferred   1 D-type flip-flop(s).
Unit <d_rtl> synthesized.


Synthesizing Unit <piso_rtl>.
    Related source file is "/home/ise/PCC-CS492/PISO/piso_rtl.vhd".
WARNING:Xst:653 - Signal <temp4> is used but never assigned. This sourceless signal will be automatically connected to value 0.
Unit <piso_rtl> synthesized.

WARNING:Xst:524 - All outputs of the instance <D1> of the block <d_rtl> are unconnected in block <piso_rtl>.
   This instance will be removed from the design along with all underlying logic
WARNING:Xst:524 - All outputs of the instance <D2> of the block <d_rtl> are unconnected in block <piso_rtl>.
   This instance will be removed from the design along with all underlying logic
WARNING:Xst:524 - All outputs of the instance <D3> of the block <d_rtl> are unconnected in block <piso_rtl>.
   This instance will be removed from the design along with all underlying logic

=========================================================================
HDL Synthesis Report

Macro Statistics
# Registers                                            : 1
 1-bit register                                        : 1

=========================================================================

=========================================================================
*                       Advanced HDL Synthesis                          *
=========================================================================

WARNING:Xst:1293 - FF/Latch <temp> has a constant value of 0 in block <D4>. This FF/Latch will be trimmed during the optimization process.

=========================================================================
Advanced HDL Synthesis Report

Macro Statistics
# Registers                                            : 1
 Flip-Flops                                            : 1

=========================================================================

=========================================================================
*                         Low Level Synthesis                           *
=========================================================================
WARNING:Xst:1293 - FF/Latch <D4/temp> has a constant value of 0 in block <piso_rtl>. This FF/Latch will be trimmed during the optimization process.

Optimizing unit <piso_rtl> ...

Mapping all equations...
Building and optimizing final netlist ...
Found area constraint ratio of 100 (+ 5) on block piso_rtl, actual ratio is 0.

Final Macro Processing ...

=========================================================================
Final Register Report

Found no macro
=========================================================================

=========================================================================
*                           Partition Report                            *
=========================================================================

Partition Implementation Status
-------------------------------

  No Partitions were found in this design.

-------------------------------

=========================================================================
*                            Final Report                               *
=========================================================================
Final Results
RTL Top Level Output File Name     : piso_rtl.ngr
Top Level Output File Name         : piso_rtl
Output Format                      : NGC
Optimization Goal                  : Speed
Keep Hierarchy                     : No

Design Statistics
# IOs                              : 8

Cell Usage :
# BELS                             : 1
#      GND                         : 1
# IO Buffers                       : 1
#      OBUF                        : 1
=========================================================================

Device utilization summary:
---------------------------

Selected Device : 3s50pq208-5 

 Number of Slices:                        0  out of    768     0%  
 Number of IOs:                           8
 Number of bonded IOBs:                   1  out of    124     0%  

---------------------------
Partition Resource Summary:
---------------------------

  No Partitions were found in this design.

---------------------------


=========================================================================
TIMING REPORT

NOTE: THESE TIMING NUMBERS ARE ONLY A SYNTHESIS ESTIMATE.
      FOR ACCURATE TIMING INFORMATION PLEASE REFER TO THE TRACE REPORT
      GENERATED AFTER PLACE-and-ROUTE.

Clock Information:
------------------
No clock signals found in this design

Asynchronous Control Signals Information:
----------------------------------------
No asynchronous control signals found in this design

Timing Summary:
---------------
Speed Grade: -5

   Minimum period: No path found
   Minimum input arrival time before clock: No path found
   Maximum output required time after clock: No path found
   Maximum combinational path delay: No path found

Timing Detail:
--------------
All values displayed in nanoseconds (ns)

=========================================================================


Total REAL time to Xst completion: 55.00 secs
Total CPU time to Xst completion: 54.21 secs
 
--> 


Total memory usage is 607760 kilobytes

Number of errors   :    0 (   0 filtered)
Number of warnings :   10 (   0 filtered)
Number of infos    :    0 (   0 filtered)

