Release 14.7 - xst P.20131013 (lin64)
Copyright (c) 1995-2013 Xilinx, Inc.  All rights reserved.
--> 
Parameter TMPDIR set to xst/projnav.tmp


Total REAL time to Xst completion: 1.00 secs
Total CPU time to Xst completion: 0.53 secs
 
--> 
Parameter xsthdpdir set to xst


Total REAL time to Xst completion: 1.00 secs
Total CPU time to Xst completion: 0.54 secs
 
--> 
Reading design: alu_rtl.prj

TABLE OF CONTENTS
  1) Synthesis Options Summary
  2) HDL Parsing
  3) HDL Elaboration
  4) HDL Synthesis
       4.1) HDL Synthesis Report
  5) Advanced HDL Synthesis
       5.1) Advanced HDL Synthesis Report
  6) Low Level Synthesis
  7) Partition Report
  8) Design Summary
       8.1) Primitive and Black Box Usage
       8.2) Device utilization summary
       8.3) Partition Resource Summary
       8.4) Timing Report
            8.4.1) Clock Information
            8.4.2) Asynchronous Control Signals Information
            8.4.3) Timing Summary
            8.4.4) Timing Details
            8.4.5) Cross Clock Domains Report


=========================================================================
*                      Synthesis Options Summary                        *
=========================================================================
---- Source Parameters
Input File Name                    : "alu_rtl.prj"
Ignore Synthesis Constraint File   : NO

---- Target Parameters
Output File Name                   : "alu_rtl"
Output Format                      : NGC
Target Device                      : xa7a100t-2I-csg324

---- Source Options
Top Module Name                    : alu_rtl
Automatic FSM Extraction           : YES
FSM Encoding Algorithm             : Auto
Safe Implementation                : No
FSM Style                          : LUT
RAM Extraction                     : Yes
RAM Style                          : Auto
ROM Extraction                     : Yes
Shift Register Extraction          : YES
ROM Style                          : Auto
Resource Sharing                   : YES
Asynchronous To Synchronous        : NO
Shift Register Minimum Size        : 2
Use DSP Block                      : Auto
Automatic Register Balancing       : No

---- Target Options
LUT Combining                      : Auto
Reduce Control Sets                : Auto
Add IO Buffers                     : YES
Global Maximum Fanout              : 100000
Add Generic Clock Buffer(BUFG)     : 32
Register Duplication               : YES
Optimize Instantiated Primitives   : NO
Use Clock Enable                   : Auto
Use Synchronous Set                : Auto
Use Synchronous Reset              : Auto
Pack IO Registers into IOBs        : Auto
Equivalent register Removal        : YES

---- General Options
Optimization Goal                  : Speed
Optimization Effort                : 1
Power Reduction                    : NO
Keep Hierarchy                     : No
Netlist Hierarchy                  : As_Optimized
RTL Output                         : Yes
Global Optimization                : AllClockNets
Read Cores                         : YES
Write Timing Constraints           : NO
Cross Clock Analysis               : NO
Hierarchy Separator                : /
Bus Delimiter                      : <>
Case Specifier                     : Maintain
Slice Utilization Ratio            : 100
BRAM Utilization Ratio             : 100
DSP48 Utilization Ratio            : 100
Auto BRAM Packing                  : NO
Slice Utilization Ratio Delta      : 5

=========================================================================


=========================================================================
*                          HDL Parsing                                  *
=========================================================================
Parsing VHDL file "/home/ise/13000221080/ALU/alu_rtl.vhd" into library work
Parsing entity <alu_rtl>.
Parsing architecture <Behavioral> of entity <alu_rtl>.

=========================================================================
*                            HDL Elaboration                            *
=========================================================================

Elaborating entity <alu_rtl> (architecture <Behavioral>) from library <work>.

=========================================================================
*                           HDL Synthesis                               *
=========================================================================

Synthesizing Unit <alu_rtl>.
    Related source file is "/home/ise/13000221080/ALU/alu_rtl.vhd".
    Found 4-bit adder for signal <n0044> created at line 52.
    Found 4-bit adder for signal <A[3]_GND_5_o_add_2_OUT> created at line 52.
    Found 4-bit adder for signal <n0049> created at line 58.
    Found 4-bit adder for signal <A[3]_GND_5_o_add_8_OUT> created at line 58.
    Found 4-bit adder for signal <A[3]_GND_5_o_add_10_OUT> created at line 64.
    Found 4-bit subtractor for signal <GND_5_o_GND_5_o_sub_13_OUT<3:0>> created at line 68.
    Found 4-bit 12-to-1 multiplexer for signal <Y> created at line 47.
    Summary:
	inferred   6 Adder/Subtractor(s).
	inferred   5 Multiplexer(s).
Unit <alu_rtl> synthesized.

=========================================================================
HDL Synthesis Report

Macro Statistics
# Adders/Subtractors                                   : 6
 4-bit adder                                           : 5
 4-bit subtractor                                      : 1
# Multiplexers                                         : 5
 4-bit 12-to-1 multiplexer                             : 1
 4-bit 2-to-1 multiplexer                              : 4
# Xors                                                 : 1
 4-bit xor2                                            : 1

=========================================================================

=========================================================================
*                       Advanced HDL Synthesis                          *
=========================================================================

WARNING:Xst - The specified part-type was not generated at build time. XST is loading the full part-type and will therefore consume more CPU and memory.
Loading device for application Rf_Device from file '7a100t.nph' in environment /opt/Xilinx/14.7/ISE_DS/ISE/.
Loading device for application Rf_Device from file '7a100t.nph' in environment /opt/Xilinx/14.7/ISE_DS/ISE/.

=========================================================================
Advanced HDL Synthesis Report

Macro Statistics
# Adders/Subtractors                                   : 6
 4-bit adder                                           : 5
 4-bit subtractor                                      : 1
# Multiplexers                                         : 5
 4-bit 12-to-1 multiplexer                             : 1
 4-bit 2-to-1 multiplexer                              : 4
# Xors                                                 : 1
 4-bit xor2                                            : 1

=========================================================================

=========================================================================
*                         Low Level Synthesis                           *
=========================================================================

Optimizing unit <alu_rtl> ...

Mapping all equations...
Building and optimizing final netlist ...
Found area constraint ratio of 100 (+ 5) on block alu_rtl, actual ratio is 0.

Final Macro Processing ...

=========================================================================
Final Register Report

Found no macro
=========================================================================

=========================================================================
*                           Partition Report                            *
=========================================================================

Partition Implementation Status
-------------------------------

  No Partitions were found in this design.

-------------------------------

=========================================================================
*                            Design Summary                             *
=========================================================================

Top Level Output File Name         : alu_rtl.ngc

Primitive and Black Box Usage:
------------------------------
# BELS                             : 31
#      LUT2                        : 4
#      LUT3                        : 3
#      LUT4                        : 4
#      LUT5                        : 4
#      LUT6                        : 12
#      MUXF7                       : 4
# IO Buffers                       : 17
#      IBUF                        : 13
#      OBUF                        : 4

Device utilization summary:
---------------------------

Selected Device : xa7a100tcsg324-2i 


Slice Logic Utilization: 
 Number of Slice LUTs:                   27  out of  63400     0%  
    Number used as Logic:                27  out of  63400     0%  

Slice Logic Distribution: 
 Number of LUT Flip Flop pairs used:     27
   Number with an unused Flip Flop:      27  out of     27   100%  
   Number with an unused LUT:             0  out of     27     0%  
   Number of fully used LUT-FF pairs:     0  out of     27     0%  
   Number of unique control sets:         0

IO Utilization: 
 Number of IOs:                          17
 Number of bonded IOBs:                  17  out of    210     8%  

Specific Feature Utilization:

---------------------------
Partition Resource Summary:
---------------------------

  No Partitions were found in this design.

---------------------------


=========================================================================
Timing Report

NOTE: THESE TIMING NUMBERS ARE ONLY A SYNTHESIS ESTIMATE.
      FOR ACCURATE TIMING INFORMATION PLEASE REFER TO THE TRACE REPORT
      GENERATED AFTER PLACE-and-ROUTE.

Clock Information:
------------------
No clock signals found in this design

Asynchronous Control Signals Information:
----------------------------------------
No asynchronous control signals found in this design

Timing Summary:
---------------
Speed Grade: -2

   Minimum period: No path found
   Minimum input arrival time before clock: No path found
   Maximum output required time after clock: No path found
   Maximum combinational path delay: 3.091ns

Timing Details:
---------------
All values displayed in nanoseconds (ns)

=========================================================================
Timing constraint: Default path analysis
  Total number of paths / destination ports: 114 / 4
-------------------------------------------------------------------------
Delay:               3.091ns (Levels of Logic = 7)
  Source:            A<1> (PAD)
  Destination:       Y<3> (PAD)

  Data Path: A<1> to Y<3>
                                Gate     Net
    Cell:in->out      fanout   Delay   Delay  Logical Name (Net Name)
    ----------------------------------------  ------------
     IBUF:I->O            12   0.001   0.804  A_1_IBUF (A_1_IBUF)
     LUT5:I0->O            1   0.097   0.571  Mmux_Y1421 (Mmux_Y1421)
     LUT5:I2->O            1   0.097   0.355  Mmux_Y27_SW0 (N2)
     LUT3:I2->O            1   0.097   0.355  Mmux_Y27 (Mmux_Y26)
     LUT6:I5->O            1   0.097   0.000  Mmux_Y28_F (N8)
     MUXF7:I0->O           1   0.277   0.339  Mmux_Y28 (Y_3_OBUF)
     OBUF:I->O                 0.000          Y_3_OBUF (Y<3>)
    ----------------------------------------
    Total                      3.091ns (0.666ns logic, 2.425ns route)
                                       (21.5% logic, 78.5% route)

=========================================================================

Cross Clock Domains Report:
--------------------------

=========================================================================


Total REAL time to Xst completion: 499.00 secs
Total CPU time to Xst completion: 496.21 secs
 
--> 


Total memory usage is 942900 kilobytes

Number of errors   :    0 (   0 filtered)
Number of warnings :    1 (   0 filtered)
Number of infos    :    0 (   0 filtered)

