Running: /opt/Xilinx/14.7/ISE_DS/ISE/bin/lin64/unwrapped/fuse -intstyle ise -incremental -lib secureip -o /home/ise/13000221080/ALU/alu_test_isim_beh.exe -prj /home/ise/13000221080/ALU/alu_test_beh.prj work.alu_test 
ISim P.20131013 (signature 0xfbc00daa)
Number of CPUs detected in this system: 6
Turning on mult-threading, number of parallel sub-compilation jobs: 12 
Determining compilation order of HDL files
Parsing VHDL file "/home/ise/13000221080/ALU/alu_rtl.vhd" into library work
Parsing VHDL file "/home/ise/13000221080/ALU/alu_test.vhd" into library work
Starting static elaboration
Completed static elaboration
Fuse Memory Usage: 96656 KB
Fuse CPU Usage: 9630 ms
Compiling package standard
Compiling package std_logic_1164
Compiling package std_logic_arith
Compiling package std_logic_unsigned
Compiling architecture behavioral of entity alu_rtl [alu_rtl_default]
Compiling architecture behavior of entity alu_test
Time Resolution for simulation is 1ps.
Compiled 7 VHDL Units
Built simulation executable /home/ise/13000221080/ALU/alu_test_isim_beh.exe
Fuse Memory Usage: 929108 KB
Fuse CPU Usage: 10940 ms
GCC CPU Usage: 22380 ms
